<?xml version="1.0" encoding="UTF-8"?>
<testsuite xmlns:xsi="http://www.w3.org/2001/XMLSchema-instance" xsi:noNamespaceSchemaLocation="https://maven.apache.org/surefire/maven-surefire-plugin/xsd/surefire-test-report-3.0.xsd" version="3.0" name="com.defacto.Runners.TestRunner" time="21.598" tests="1" errors="0" skipped="0" failures="0">
  <properties>
[...]
</properties>
  <testcase name="Add and Remove Product to Basket" classname="DeFacto UI Test" time="21.539">
    <system-out><![CDATA[2023-11-25 11:03:59 INFO  HomePage:19 - verify_homepage [SUCCESS]
2023-11-25 11:04:02 INFO  MainCategoryPage:18 - verify_subcategories_appear [SUCCESS]
2023-11-25 11:04:08 INFO  ProductPage:21 - verify_product_page [SUCCESS]
2023-11-25 11:04:13 INFO  BasketCard:22 - verify_number_of_product_on_basket [SUCCESS]
2023-11-25 11:04:15 INFO  CartPage:23 - verify_to_cartpage [SUCCESS]
2023-11-25 11:04:17 INFO  CartPage:37 - verify_empty_cartpage [SUCCESS]
]]></system-out>
    <system-err><![CDATA[SLF4J: No SLF4J providers were found.
SLF4J: Defaulting to no-operation (NOP) logger implementation
SLF4J: See https://www.slf4j.org/codes.html#noProviders for further details.
Nov 25, 2023 11:03:58 AM org.openqa.selenium.devtools.CdpVersionFinder findNearestMatch
WARNING: Unable to find an exact match for CDP version 119, so returning the closest version found: 117
]]></system-err>
  </testcase>
</testsuite>